<?xml version="1.0" encoding="UTF-8"?>
<!-- Generated by org.testng.reporters.JUnitXMLReporter -->
<testsuite hostname="INLN50946732A" ignored="1" name="Default test(failed)" tests="2" failures="1" timestamp="09 Jan 2019 06:50:59 GMT" time="0.08" errors="0">
  <testcase name="test2" time="0.015" classname="demo.TestNGRetryFailedDemo"/>
  <testcase name="test3" time="0.008" classname="demo.TestNGRetryFailedDemo">
    <failure type="junit.framework.AssertionFailedError">
      <![CDATA[junit.framework.AssertionFailedError
at junit.framework.Assert.fail(Assert.java:55)
at junit.framework.Assert.assertTrue(Assert.java:22)
at junit.framework.Assert.assertTrue(Assert.java:31)
at demo.TestNGRetryFailedDemo.test3(TestNGRetryFailedDemo.java:23)
... Removed 25 stack frames]]>
    </failure>
  </testcase> <!-- test3 -->
  <testcase name="test1" time="0.0" classname="demo.TestNGRetryFailedDemo">
    <ignored/>
  </testcase> <!-- test1 -->
</testsuite> <!-- Default test(failed) -->
