<?xml version="1.0" encoding="UTF-8"?>
<testng-results skipped="0" failed="0" ignored="0" total="1" passed="1">
  <reporter-output>
  </reporter-output>
  <suite name="Default suite" duration-ms="20237" started-at="2019-01-09T07:21:55Z" finished-at="2019-01-09T07:22:15Z">
    <groups>
    </groups>
    <test name="Default test" duration-ms="20237" started-at="2019-01-09T07:21:55Z" finished-at="2019-01-09T07:22:15Z">
      <class name="demo.Test1">
        <test-method status="PASS" signature="setUp()[pri:0, instance:demo.Test1@4dfa3a9d]" name="setUp" is-config="true" duration-ms="4535" started-at="2019-01-09T07:21:55Z" finished-at="2019-01-09T07:22:00Z">
          <reporter-output>
          </reporter-output>
        </test-method> <!-- setUp -->
        <test-method status="PASS" signature="test1()[pri:0, instance:demo.Test1@4dfa3a9d]" name="test1" duration-ms="14365" started-at="2019-01-09T07:22:00Z" finished-at="2019-01-09T07:22:14Z">
          <reporter-output>
          </reporter-output>
        </test-method> <!-- test1 -->
        <test-method status="PASS" signature="tearDown()[pri:0, instance:demo.Test1@4dfa3a9d]" name="tearDown" is-config="true" duration-ms="1295" started-at="2019-01-09T07:22:14Z" finished-at="2019-01-09T07:22:15Z">
          <reporter-output>
          </reporter-output>
        </test-method> <!-- tearDown -->
      </class> <!-- demo.Test1 -->
    </test> <!-- Default test -->
  </suite> <!-- Default suite -->
</testng-results>
