<?xml version="1.0" encoding="UTF-8"?>
<!-- Generated by org.testng.reporters.JUnitXMLReporter -->
<testsuite hostname="INLN50946732A" ignored="0" name="Test" tests="6" failures="0" timestamp="08 Jan 2019 12:33:11 GMT" time="0.082" errors="0">
  <testcase name="test1" time="0.012" classname="listeners.TestNGListenerDemo"/>
  <testcase name="test2" time="0.002" classname="listeners.TestNGListenerDemo"/>
  <testcase name="test3" time="0.001" classname="listeners.TestNGListenerDemo"/>
  <testcase name="test4" time="0.002" classname="listeners.TestNGListenerDemo2"/>
  <testcase name="test5" time="0.004" classname="listeners.TestNGListenerDemo2"/>
  <testcase name="test6" time="0.004" classname="listeners.TestNGListenerDemo2"/>
</testsuite> <!-- Test -->
