<?xml version="1.0" encoding="UTF-8"?>
<!-- Generated by org.testng.reporters.JUnitReportReporter -->
<testsuite skipped="0" hostname="INLN50946732A" name="listeners.TestNGListenerDemo2" tests="3" failures="0" timestamp="08 Jan 2019 12:33:11 GMT" time="0.010" errors="0">
  <testcase name="test6" time="0.004" classname="listeners.TestNGListenerDemo2"/>
  <testcase name="test4" time="0.002" classname="listeners.TestNGListenerDemo2"/>
  <testcase name="test5" time="0.004" classname="listeners.TestNGListenerDemo2"/>
</testsuite> <!-- listeners.TestNGListenerDemo2 -->
