<?xml version="1.0" encoding="UTF-8"?>
<!-- Generated by org.testng.reporters.JUnitReportReporter -->
<testsuite skipped="0" hostname="INLN50946732A" name="demo.TestNGDependencyDemo" tests="3" failures="0" timestamp="09 Jan 2019 06:21:17 GMT" time="0.025" errors="0">
  <testcase name="test1" time="0.001" classname="demo.TestNGDependencyDemo"/>
  <testcase name="test2" time="0.022" classname="demo.TestNGDependencyDemo"/>
  <testcase name="test3" time="0.002" classname="demo.TestNGDependencyDemo"/>
</testsuite> <!-- demo.TestNGDependencyDemo -->
