<?xml version="1.0" encoding="UTF-8"?>
<!-- Generated by org.testng.reporters.JUnitReportReporter -->
<testsuite skipped="0" hostname="INLN50946732A" name="demo.TestNGGroupsDemo" tests="4" failures="0" timestamp="09 Jan 2019 06:18:11 GMT" time="0.018" errors="0">
  <testcase name="test1" time="0.012" classname="demo.TestNGGroupsDemo"/>
  <testcase name="test3" time="0.001" classname="demo.TestNGGroupsDemo"/>
  <testcase name="test4" time="0.003" classname="demo.TestNGGroupsDemo"/>
  <testcase name="test2" time="0.002" classname="demo.TestNGGroupsDemo"/>
</testsuite> <!-- demo.TestNGGroupsDemo -->
