<?xml version="1.0" encoding="UTF-8"?>
<!-- Generated by org.testng.reporters.JUnitReportReporter -->
<testsuite skipped="0" hostname="INLN50946732A" name="demo.TestNGPriorityDemo" tests="3" failures="0" timestamp="08 Jan 2019 12:49:03 GMT" time="0.033" errors="0">
  <testcase name="one" time="0.027" classname="demo.TestNGPriorityDemo"/>
  <testcase name="two" time="0.004" classname="demo.TestNGPriorityDemo"/>
  <testcase name="three" time="0.002" classname="demo.TestNGPriorityDemo"/>
</testsuite> <!-- demo.TestNGPriorityDemo -->
